CRITICAL - 2025-11-27 01:04:21 --> CodeIgniter\View\Exceptions\ViewException: Invalid file: "layouts/principal.php"
[Method: GET, Route: /]
in SYSTEMPATH\Exceptions\FrameworkException.php on line 41.
 1 SYSTEMPATH\View\View.php(222): CodeIgniter\Exceptions\FrameworkException::forInvalidFile('layouts/principal.php')
 2 SYSTEMPATH\Common.php(1171): CodeIgniter\View\View->render('layouts/principal', [], true)
 3 APPPATH\Controllers\Search.php(27): view('layouts/principal')
 4 SYSTEMPATH\CodeIgniter.php(933): App\Controllers\Search->principal()
 5 SYSTEMPATH\CodeIgniter.php(509): CodeIgniter\CodeIgniter->runController(Object(App\Controllers\Search))
 6 SYSTEMPATH\CodeIgniter.php(355): CodeIgniter\CodeIgniter->handleRequest(null, Object(Config\Cache), false)
 7 SYSTEMPATH\Boot.php(325): CodeIgniter\CodeIgniter->run()
 8 SYSTEMPATH\Boot.php(67): CodeIgniter\Boot::runCodeIgniter(Object(CodeIgniter\CodeIgniter))
 9 FCPATH\index.php(56): CodeIgniter\Boot::bootWeb(Object(Config\Paths))
CRITICAL - 2025-11-27 01:04:32 --> CodeIgniter\View\Exceptions\ViewException: Invalid file: "layouts/idex.php"
[Method: GET, Route: /]
in SYSTEMPATH\Exceptions\FrameworkException.php on line 41.
 1 SYSTEMPATH\View\View.php(222): CodeIgniter\Exceptions\FrameworkException::forInvalidFile('layouts/idex.php')
 2 SYSTEMPATH\Common.php(1171): CodeIgniter\View\View->render('layouts/idex', [], true)
 3 APPPATH\Controllers\Search.php(27): view('layouts/idex')
 4 SYSTEMPATH\CodeIgniter.php(933): App\Controllers\Search->principal()
 5 SYSTEMPATH\CodeIgniter.php(509): CodeIgniter\CodeIgniter->runController(Object(App\Controllers\Search))
 6 SYSTEMPATH\CodeIgniter.php(355): CodeIgniter\CodeIgniter->handleRequest(null, Object(Config\Cache), false)
 7 SYSTEMPATH\Boot.php(325): CodeIgniter\CodeIgniter->run()
 8 SYSTEMPATH\Boot.php(67): CodeIgniter\Boot::runCodeIgniter(Object(CodeIgniter\CodeIgniter))
 9 FCPATH\index.php(56): CodeIgniter\Boot::bootWeb(Object(Config\Paths))
CRITICAL - 2025-11-27 01:04:34 --> CodeIgniter\View\Exceptions\ViewException: Invalid file: "layouts/idex.php"
[Method: GET, Route: /]
in SYSTEMPATH\Exceptions\FrameworkException.php on line 41.
 1 SYSTEMPATH\View\View.php(222): CodeIgniter\Exceptions\FrameworkException::forInvalidFile('layouts/idex.php')
 2 SYSTEMPATH\Common.php(1171): CodeIgniter\View\View->render('layouts/idex', [], true)
 3 APPPATH\Controllers\Search.php(27): view('layouts/idex')
 4 SYSTEMPATH\CodeIgniter.php(933): App\Controllers\Search->principal()
 5 SYSTEMPATH\CodeIgniter.php(509): CodeIgniter\CodeIgniter->runController(Object(App\Controllers\Search))
 6 SYSTEMPATH\CodeIgniter.php(355): CodeIgniter\CodeIgniter->handleRequest(null, Object(Config\Cache), false)
 7 SYSTEMPATH\Boot.php(325): CodeIgniter\CodeIgniter->run()
 8 SYSTEMPATH\Boot.php(67): CodeIgniter\Boot::runCodeIgniter(Object(CodeIgniter\CodeIgniter))
 9 FCPATH\index.php(56): CodeIgniter\Boot::bootWeb(Object(Config\Paths))
CRITICAL - 2025-11-27 01:04:34 --> CodeIgniter\View\Exceptions\ViewException: Invalid file: "layouts/idex.php"
[Method: GET, Route: /]
in SYSTEMPATH\Exceptions\FrameworkException.php on line 41.
 1 SYSTEMPATH\View\View.php(222): CodeIgniter\Exceptions\FrameworkException::forInvalidFile('layouts/idex.php')
 2 SYSTEMPATH\Common.php(1171): CodeIgniter\View\View->render('layouts/idex', [], true)
 3 APPPATH\Controllers\Search.php(27): view('layouts/idex')
 4 SYSTEMPATH\CodeIgniter.php(933): App\Controllers\Search->principal()
 5 SYSTEMPATH\CodeIgniter.php(509): CodeIgniter\CodeIgniter->runController(Object(App\Controllers\Search))
 6 SYSTEMPATH\CodeIgniter.php(355): CodeIgniter\CodeIgniter->handleRequest(null, Object(Config\Cache), false)
 7 SYSTEMPATH\Boot.php(325): CodeIgniter\CodeIgniter->run()
 8 SYSTEMPATH\Boot.php(67): CodeIgniter\Boot::runCodeIgniter(Object(CodeIgniter\CodeIgniter))
 9 FCPATH\index.php(56): CodeIgniter\Boot::bootWeb(Object(Config\Paths))
CRITICAL - 2025-11-27 01:04:34 --> CodeIgniter\View\Exceptions\ViewException: Invalid file: "layouts/idex.php"
[Method: GET, Route: /]
in SYSTEMPATH\Exceptions\FrameworkException.php on line 41.
 1 SYSTEMPATH\View\View.php(222): CodeIgniter\Exceptions\FrameworkException::forInvalidFile('layouts/idex.php')
 2 SYSTEMPATH\Common.php(1171): CodeIgniter\View\View->render('layouts/idex', [], true)
 3 APPPATH\Controllers\Search.php(27): view('layouts/idex')
 4 SYSTEMPATH\CodeIgniter.php(933): App\Controllers\Search->principal()
 5 SYSTEMPATH\CodeIgniter.php(509): CodeIgniter\CodeIgniter->runController(Object(App\Controllers\Search))
 6 SYSTEMPATH\CodeIgniter.php(355): CodeIgniter\CodeIgniter->handleRequest(null, Object(Config\Cache), false)
 7 SYSTEMPATH\Boot.php(325): CodeIgniter\CodeIgniter->run()
 8 SYSTEMPATH\Boot.php(67): CodeIgniter\Boot::runCodeIgniter(Object(CodeIgniter\CodeIgniter))
 9 FCPATH\index.php(56): CodeIgniter\Boot::bootWeb(Object(Config\Paths))
CRITICAL - 2025-11-27 01:04:35 --> CodeIgniter\View\Exceptions\ViewException: Invalid file: "layouts/idex.php"
[Method: GET, Route: /]
in SYSTEMPATH\Exceptions\FrameworkException.php on line 41.
 1 SYSTEMPATH\View\View.php(222): CodeIgniter\Exceptions\FrameworkException::forInvalidFile('layouts/idex.php')
 2 SYSTEMPATH\Common.php(1171): CodeIgniter\View\View->render('layouts/idex', [], true)
 3 APPPATH\Controllers\Search.php(27): view('layouts/idex')
 4 SYSTEMPATH\CodeIgniter.php(933): App\Controllers\Search->principal()
 5 SYSTEMPATH\CodeIgniter.php(509): CodeIgniter\CodeIgniter->runController(Object(App\Controllers\Search))
 6 SYSTEMPATH\CodeIgniter.php(355): CodeIgniter\CodeIgniter->handleRequest(null, Object(Config\Cache), false)
 7 SYSTEMPATH\Boot.php(325): CodeIgniter\CodeIgniter->run()
 8 SYSTEMPATH\Boot.php(67): CodeIgniter\Boot::runCodeIgniter(Object(CodeIgniter\CodeIgniter))
 9 FCPATH\index.php(56): CodeIgniter\Boot::bootWeb(Object(Config\Paths))
